<?xml version="1.0" encoding="UTF-8"?>
<!-- Generated by org.testng.reporters.JUnitReportReporter -->
<testsuite name="JsonApi.Tests.JsonRequest" tests="5" time="6.072" ignored="0" failures="0" timestamp="27 Jan 2019 03:22:12 GMT" skipped="0" hostname="DESKTOP-E0LIMUF" errors="0">
  <testcase name="TestValidResponseForId" time="0.443" classname="JsonApi.Tests.JsonRequest"/>
  <testcase name="TestInValidResponseForId" time="1.476" classname="JsonApi.Tests.JsonRequest"/>
  <testcase name="TestValidResponse" time="0.470" classname="JsonApi.Tests.JsonRequest"/>
  <testcase name="TestOkResponseCode" time="0.745" classname="JsonApi.Tests.JsonRequest"/>
  <testcase name="TestErrorResponseCode" time="2.938" classname="JsonApi.Tests.JsonRequest"/>
</testsuite> <!-- JsonApi.Tests.JsonRequest -->
