<?xml version="1.0" encoding="UTF-8"?>
<!-- Generated by org.testng.reporters.JUnitReportReporter -->
<testsuite name="JsonRequest.JsonRequest" tests="1" time="3.678" ignored="0" failures="0" timestamp="26 Jan 2019 21:57:44 GMT" skipped="0" hostname="DESKTOP-E0LIMUF" errors="0">
  <testcase name="TestResponseCode" time="3.678" classname="JsonRequest.JsonRequest"/>
</testsuite> <!-- JsonRequest.JsonRequest -->
